<?xml version="1.0" encoding="UTF-8" ?>
<testsuite tests="31" failures="0" name="edu.yu.cs.com1320.project.stage5.DocumentStoreImplTest" time="1.141" errors="0" skipped="0">
  <properties>
    <property name="java.runtime.name" value="Java(TM) SE Runtime Environment"/>
    <property name="sun.boot.library.path" value="C:\Program Files\Java\jdk1.8.0_221\jre\bin"/>
    <property name="java.vm.version" value="25.221-b11"/>
    <property name="java.vm.vendor" value="Oracle Corporation"/>
    <property name="maven.multiModuleProjectDirectory" value="C:\Users\Raziel\coding\SiegmanRaziel\DataStructures\project\stage5"/>
    <property name="java.vendor.url" value="http://java.oracle.com/"/>
    <property name="path.separator" value=";"/>
    <property name="guice.disable.misplaced.annotation.check" value="true"/>
    <property name="java.vm.name" value="Java HotSpot(TM) 64-Bit Server VM"/>
    <property name="file.encoding.pkg" value="sun.io"/>
    <property name="user.script" value=""/>
    <property name="user.country" value="US"/>
    <property name="sun.java.launcher" value="SUN_STANDARD"/>
    <property name="sun.os.patch.level" value=""/>
    <property name="java.vm.specification.name" value="Java Virtual Machine Specification"/>
    <property name="user.dir" value="C:\Users\Raziel\coding\SiegmanRaziel\DataStructures\project\stage5"/>
    <property name="java.runtime.version" value="1.8.0_221-b11"/>
    <property name="java.awt.graphicsenv" value="sun.awt.Win32GraphicsEnvironment"/>
    <property name="java.endorsed.dirs" value="C:\Program Files\Java\jdk1.8.0_221\jre\lib\endorsed"/>
    <property name="os.arch" value="amd64"/>
    <property name="java.io.tmpdir" value="C:\Users\Raziel\AppData\Local\Temp\"/>
    <property name="line.separator" value="
"/>
    <property name="java.vm.specification.vendor" value="Oracle Corporation"/>
    <property name="user.variant" value=""/>
    <property name="os.name" value="Windows 10"/>
    <property name="classworlds.conf" value="C:\Program Files\Maven\apache-maven-3.6.3\bin\..\bin\m2.conf"/>
    <property name="sun.jnu.encoding" value="Cp1252"/>
    <property name="java.library.path" value="C:\Program Files\Java\jdk1.8.0_221\bin;C:\WINDOWS\Sun\Java\bin;C:\WINDOWS\system32;C:\WINDOWS;C:\Program Files (x86)\Intel\Intel(R) Management Engine Components\iCLS\;C:\Program Files\Intel\Intel(R) Management Engine Components\iCLS\;C:\Program Files\Java\jdk1.8.0_221\bin;C:\WINDOWS\system32;C:\WINDOWS;C:\WINDOWS\System32\Wbem;C:\WINDOWS\System32\WindowsPowerShell\v1.0\;C:\WINDOWS\System32\OpenSSH\;C:\Program Files\Git\cmd;C:\Program Files (x86)\Intel\Intel(R) Management Engine Components\DAL;C:\Program Files\Intel\Intel(R) Management Engine Components\DAL;C:\Program Files\Maven\apache-maven-3.6.3\bin;C:\Users\Raziel\AppData\Local\Microsoft\WindowsApps;;C:\Program Files\JetBrains\IntelliJ IDEA Community Edition 2019.3.2\bin;;."/>
    <property name="maven.conf" value="C:\Program Files\Maven\apache-maven-3.6.3\bin\../conf"/>
    <property name="java.specification.name" value="Java Platform API Specification"/>
    <property name="java.class.version" value="52.0"/>
    <property name="sun.management.compiler" value="HotSpot 64-Bit Tiered Compilers"/>
    <property name="os.version" value="10.0"/>
    <property name="library.jansi.path" value="C:\Program Files\Maven\apache-maven-3.6.3\bin\..\lib\jansi-native"/>
    <property name="user.home" value="C:\Users\Raziel"/>
    <property name="user.timezone" value="America/New_York"/>
    <property name="java.awt.printerjob" value="sun.awt.windows.WPrinterJob"/>
    <property name="java.specification.version" value="1.8"/>
    <property name="file.encoding" value="Cp1252"/>
    <property name="user.name" value="Raziel"/>
    <property name="java.class.path" value="C:\Program Files\Maven\apache-maven-3.6.3\bin\..\boot\plexus-classworlds-2.6.0.jar"/>
    <property name="java.vm.specification.version" value="1.8"/>
    <property name="sun.arch.data.model" value="64"/>
    <property name="java.home" value="C:\Program Files\Java\jdk1.8.0_221\jre"/>
    <property name="sun.java.command" value="org.codehaus.plexus.classworlds.launcher.Launcher test"/>
    <property name="java.specification.vendor" value="Oracle Corporation"/>
    <property name="user.language" value="en"/>
    <property name="awt.toolkit" value="sun.awt.windows.WToolkit"/>
    <property name="java.vm.info" value="mixed mode"/>
    <property name="java.version" value="1.8.0_221"/>
    <property name="java.ext.dirs" value="C:\Program Files\Java\jdk1.8.0_221\jre\lib\ext;C:\WINDOWS\Sun\Java\lib\ext"/>
    <property name="sun.boot.class.path" value="C:\Program Files\Java\jdk1.8.0_221\jre\lib\resources.jar;C:\Program Files\Java\jdk1.8.0_221\jre\lib\rt.jar;C:\Program Files\Java\jdk1.8.0_221\jre\lib\sunrsasign.jar;C:\Program Files\Java\jdk1.8.0_221\jre\lib\jsse.jar;C:\Program Files\Java\jdk1.8.0_221\jre\lib\jce.jar;C:\Program Files\Java\jdk1.8.0_221\jre\lib\charsets.jar;C:\Program Files\Java\jdk1.8.0_221\jre\lib\jfr.jar;C:\Program Files\Java\jdk1.8.0_221\jre\classes"/>
    <property name="sun.stderr.encoding" value="cp437"/>
    <property name="java.vendor" value="Oracle Corporation"/>
    <property name="maven.home" value="C:\Program Files\Maven\apache-maven-3.6.3\bin\.."/>
    <property name="file.separator" value="\"/>
    <property name="java.vendor.url.bug" value="http://bugreport.sun.com/bugreport/"/>
    <property name="sun.cpu.endian" value="little"/>
    <property name="sun.io.unicode.encoding" value="UnicodeLittle"/>
    <property name="sun.stdout.encoding" value="cp437"/>
    <property name="sun.desktop" value="windows"/>
    <property name="sun.cpu.isalist" value="amd64"/>
  </properties>
  <testcase classname="edu.yu.cs.com1320.project.stage5.DocumentStoreImplTest" name="stage3DeleteAllWithPrefix" time="0.734"/>
  <testcase classname="edu.yu.cs.com1320.project.stage5.DocumentStoreImplTest" name="stage3SearchPDFs" time="0"/>
  <testcase classname="edu.yu.cs.com1320.project.stage5.DocumentStoreImplTest" name="stage4TestUpdateDocLastUseTimeOnSearchPDFs" time="0.016"/>
  <testcase classname="edu.yu.cs.com1320.project.stage5.DocumentStoreImplTest" name="stage4TestUpdateDocLastUseTimeOnSearch" time="0.016"/>
  <testcase classname="edu.yu.cs.com1320.project.stage5.DocumentStoreImplTest" name="stage5PushToDiskViaMaxDocCount" time="0.078"/>
  <testcase classname="edu.yu.cs.com1320.project.stage5.DocumentStoreImplTest" name="stage3SearchByPrefix" time="0"/>
  <testcase classname="edu.yu.cs.com1320.project.stage5.DocumentStoreImplTest" name="testPutPdfDocumentNoPreviousDocAtURI" time="0.015"/>
  <testcase classname="edu.yu.cs.com1320.project.stage5.DocumentStoreImplTest" name="stage3TestSearchByKeyword" time="0.016"/>
  <testcase classname="edu.yu.cs.com1320.project.stage5.DocumentStoreImplTest" name="stage4TestNoUpdateDocLastUseTimeOnProtectedGet" time="0.016"/>
  <testcase classname="edu.yu.cs.com1320.project.stage5.DocumentStoreImplTest" name="stage4TestUpdateDocLastUseTimeOnSearchByPrefix" time="0"/>
  <testcase classname="edu.yu.cs.com1320.project.stage5.DocumentStoreImplTest" name="testPutNewVersionOfDocumentPdf" time="0.015"/>
  <testcase classname="edu.yu.cs.com1320.project.stage5.DocumentStoreImplTest" name="testPutNewVersionOfDocumentTxt" time="0"/>
  <testcase classname="edu.yu.cs.com1320.project.stage5.DocumentStoreImplTest" name="testGetTxtDocAsPdf" time="0.016"/>
  <testcase classname="edu.yu.cs.com1320.project.stage5.DocumentStoreImplTest" name="testGetTxtDocAsTxt" time="0"/>
  <testcase classname="edu.yu.cs.com1320.project.stage5.DocumentStoreImplTest" name="stage4TestUpdateDocLastUseTimeOnSearchPDFsByPrefix" time="0"/>
  <testcase classname="edu.yu.cs.com1320.project.stage5.DocumentStoreImplTest" name="stage3DeleteAll" time="0.015"/>
  <testcase classname="edu.yu.cs.com1320.project.stage5.DocumentStoreImplTest" name="stage4TestUpdateDocLastUseTimeOnPut" time="0"/>
  <testcase classname="edu.yu.cs.com1320.project.stage5.DocumentStoreImplTest" name="stage3TestDeleteAllByKeyword" time="0.016"/>
  <testcase classname="edu.yu.cs.com1320.project.stage5.DocumentStoreImplTest" name="testDeleteDoc" time="0.016"/>
  <testcase classname="edu.yu.cs.com1320.project.stage5.DocumentStoreImplTest" name="stage5PushToDiskViaMaxDocCountBringBackInViaDelete" time="0.015"/>
  <testcase classname="edu.yu.cs.com1320.project.stage5.DocumentStoreImplTest" name="testDeleteDocReturnValue" time="0"/>
  <testcase classname="edu.yu.cs.com1320.project.stage5.DocumentStoreImplTest" name="stage5PushToDiskViaMaxDocCountViaUndoDelete" time="0.016"/>
  <testcase classname="edu.yu.cs.com1320.project.stage5.DocumentStoreImplTest" name="stage3TestSearchByPrefix" time="0.094"/>
  <testcase classname="edu.yu.cs.com1320.project.stage5.DocumentStoreImplTest" name="stage3SearchPDFsByPrefix" time="0.015"/>
  <testcase classname="edu.yu.cs.com1320.project.stage5.DocumentStoreImplTest" name="stage4TestUpdateDocLastUseTimeOnOverwrite" time="0"/>
  <testcase classname="edu.yu.cs.com1320.project.stage5.DocumentStoreImplTest" name="stage3Search" time="0"/>
  <testcase classname="edu.yu.cs.com1320.project.stage5.DocumentStoreImplTest" name="testPutTxtDocumentNoPreviousDocAtURI" time="0"/>
  <testcase classname="edu.yu.cs.com1320.project.stage5.DocumentStoreImplTest" name="testGetPdfDocAsPdf" time="0.016"/>
  <testcase classname="edu.yu.cs.com1320.project.stage5.DocumentStoreImplTest" name="testGetPdfDocAsTxt" time="0"/>
  <testcase classname="edu.yu.cs.com1320.project.stage5.DocumentStoreImplTest" name="stage3TestDeleteAllByPrefix" time="0.016"/>
  <testcase classname="edu.yu.cs.com1320.project.stage5.DocumentStoreImplTest" name="testPutDocumentWithNullArguments" time="0"/>
</testsuite>